<?xml version="1.0" encoding="UTF-8"?>
<!-- Generated by org.testng.reporters.JUnitReportReporter -->
<testsuite hostname="LAPTOP-OGVRQQUP" failures="0" tests="1" name="project1.TestCase4" time="35.198" errors="0" timestamp="2024-05-16T13:43:28 IST" skipped="0">
  <testcase classname="project1.TestCase4" name="editprofile" time="35.198"/>
</testsuite> <!-- project1.TestCase4 -->
