<?xml version="1.0" encoding="UTF-8"?>
<!-- Generated by org.testng.reporters.JUnitReportReporter -->
<testsuite hostname="LAPTOP-OGVRQQUP" failures="0" tests="1" name="project1.TestCase6" time="45.908" errors="0" timestamp="2024-05-16T13:43:28 IST" skipped="0">
  <testcase classname="project1.TestCase6" name="search_by_filter" time="45.908"/>
</testsuite> <!-- project1.TestCase6 -->
